chrome browser object created
implicit wait for 10 seconds
opened website
about to accept cookie
accepted cookie
i slept for 4000ms
about to click spend and save
chrome browser object created
implicit wait for 10 seconds
opened website
about to accept cookie
accepted cookie
i slept for 4000ms
about to click spend and save
clicked spend and save
Aspiration
Aspiration Plus
chrome browser object created
chrome browser object created
implicit wait for 10 seconds
opened website
chrome browser object created
implicit wait for 10 seconds
opened website
chrome browser object created
implicit wait for 10 seconds
opened website
chrome browser object created
implicit wait for 10 seconds
opened website
chrome browser object created
implicit wait for 10 seconds
opened website
about to accept cookie
chrome browser object created
implicit wait for 10 seconds
opened website
about to accept cookie
accepted cookie
i slept for 4000ms
about to click spend and save
clicked spend and save
Aspiration
Aspiration Plus
Initializing chrome driver
chrome browser object created
implicit wait for 10 seconds
opened website
about to accept cookie
accepted cookie
i slept for 4000ms
about to click spend and save
clicked spend and save
Aspiration
Aspiration Plus
Initializing chrome driver
chrome browser object created
implicit wait for 10 seconds
opened website
about to accept cookie
accepted cookie
i slept for 4000ms
about to click spend and save
clicked spend and save
Aspiration
Aspiration Plus
Initializing chrome driver
chrome browser object created
implicit wait for 10 seconds
opened website
about to accept cookie
accepted cookie
i slept for 4000ms
about to click spend and save
clicked spend and save
Aspiration
Aspiration Plus
Initializing chrome driver
chrome browser object created
implicit wait for 10 seconds
opened website
about to accept cookie
accepted cookie
i slept for 4000ms
about to click spend and save
clicked spend and save
Aspiration
Aspiration Plus
Get Aspirations is displayed
clicked on Get Aspirations
Initializing chrome driver
chrome browser object created
implicit wait for 10 seconds
opened website
about to accept cookie
accepted cookie
i slept for 4000ms
about to click spend and save
clicked spend and save
Aspiration
Aspiration Plus
Get Aspirations is displayed
Initializing chrome driver
chrome browser object created
implicit wait for 10 seconds
opened website
about to accept cookie
accepted cookie
i slept for 4000ms
about to click spend and save
clicked spend and save
Aspiration
Aspiration Plus
Get Aspirations is displayed
Initializing chrome driver
chrome browser object created
implicit wait for 10 seconds
opened website
about to accept cookie
accepted cookie
i slept for 4000ms
about to click spend and save
clicked spend and save
Aspiration
Aspiration Plus
Get Aspirations is displayed
Initializing chrome driver
chrome browser object created
implicit wait for 10 seconds
opened website
about to accept cookie
accepted cookie
i slept for 4000ms
about to click spend and save
clicked spend and save
Aspiration
Aspiration Plus
Get Aspirations is displayed
Initializing chrome driver
chrome browser object created
implicit wait for 10 seconds
opened website
about to accept cookie
accepted cookie
i slept for 4000ms
about to click spend and save
clicked spend and save
Aspiration
Aspiration Plus
Get Aspirations is displayed
Initializing chrome driver
chrome browser object created
implicit wait for 10 seconds
opened website
about to accept cookie
accepted cookie
i slept for 4000ms
about to click spend and save
clicked spend and save
Aspiration
Aspiration Plus
Get Aspirations is displayed
Initializing chrome driver
chrome browser object created
implicit wait for 10 seconds
opened website
about to accept cookie
accepted cookie
i slept for 4000ms
about to click spend and save
clicked spend and save
Aspiration
Aspiration Plus
Get Aspirations is displayed
0
clicked on Get Aspirations
Initializing chrome driver
chrome browser object created
implicit wait for 10 seconds
opened website
about to accept cookie
accepted cookie
i slept for 4000ms
about to click spend and save
clicked spend and save
Aspiration
Aspiration Plus
Get Aspirations is displayed
size = 2
2
clicked on Get Aspirations
Initializing chrome driver
chrome browser object created
implicit wait for 10 seconds
opened website
about to accept cookie
accepted cookie
i slept for 4000ms
about to click spend and save
clicked spend and save
Aspiration
Aspiration Plus
Get Aspirations is displayed
clicked on Get Aspirations
modal contains email address input fields
Initializing chrome driver
chrome browser object created
implicit wait for 10 seconds
opened website
about to accept cookie
accepted cookie
i slept for 4000ms
about to click spend and save
clicked spend and save
Aspiration
Aspiration Plus
Get Aspirations is displayed
clicked on Get Aspirations
modal contains email address input fields
Navigated to previous product page.
clicked spend and save
clicked on Get Aspirations Plus
Aspiration plus Modal is displayed
Initializing chrome driver
chrome browser object created
implicit wait for 10 seconds
opened website
about to accept cookie
accepted cookie
i slept for 4000ms
about to click spend and save
clicked spend and save
Aspiration
Aspiration Plus
Get Aspirations is displayed
clicked on Get Aspirations
modal contains email address input fields
Navigated to previous product page.
clicked spend and save
clicked on Get Aspirations Plus
Aspiration plus Modal is displayed
Initializing chrome driver
chrome browser object created
implicit wait for 10 seconds
opened website
about to accept cookie
accepted cookie
i slept for 4000ms
about to click spend and save
clicked spend and save
Aspiration
Aspiration Plus
Get Aspirations is displayed
clicked on Get Aspirations
modal contains email address input fields
Navigated to previous product page.
clicked spend and save
clicked on Get Aspirations Plus
Aspiration plus Modal is displayed
Initializing chrome driver
chrome browser object created
implicit wait for 10 seconds
opened website
about to accept cookie
accepted cookie
i slept for 4000ms
about to click spend and save
clicked spend and save
Aspiration
Aspiration Plus
Get Aspirations is displayed
clicked on Get Aspirations
modal contains email address input fields
Navigated to previous product page.
clicked spend and save
clicked on Get Aspirations Plus
Aspiration plus Modal is displayed
Initializing chrome driver
chrome browser object created
implicit wait for 10 seconds
opened website
about to accept cookie
accepted cookie
i slept for 4000ms
about to click spend and save
clicked spend and save
Aspiration
Aspiration Plus
Get Aspirations is displayed
clicked on Get Aspirations
modal contains email address input fields
Navigated to previous product page.
clicked spend and save
clicked on Get Aspirations Plus
Aspiration plus Modal is displayed
Initializing chrome driver
chrome browser object created
implicit wait for 10 seconds
opened website
about to accept cookie
accepted cookie
i slept for 4000ms
about to click spend and save
clicked spend and save
Aspiration
Aspiration Plus
Get Aspirations is displayed
clicked on Get Aspirations
modal contains email address input fields
Navigated to previous product page.
clicked spend and save
clicked on Get Aspirations Plus
Aspiration plus Modal is displayed
Initializing chrome driver
chrome browser object created
implicit wait for 10 seconds
opened website
about to accept cookie
accepted cookie
i slept for 4000ms
about to click spend and save
clicked spend and save
Aspiration
Aspiration Plus
Get Aspirations is displayed
clicked on Get Aspirations
modal contains email address input fields
Navigated to previous product page.
clicked spend and save
clicked on Get Aspirations Plus
Aspiration plus Modal is displayed
Initializing chrome driver
chrome browser object created
implicit wait for 10 seconds
opened website
about to accept cookie
accepted cookie
i slept for 4000ms
about to click spend and save
clicked spend and save
Aspiration
Aspiration Plus
Get Aspirations is displayed
clicked on Get Aspirations
modal contains email address input fields
Navigated to previous product page.
clicked spend and save
clicked on Get Aspirations Plus
Aspiration plus Modal is displayed
Initializing chrome driver
chrome browser object created
implicit wait for 10 seconds
opened website
about to accept cookie
accepted cookie
i slept for 4000ms
about to click spend and save
clicked spend and save
Aspiration
Aspiration Plus
Get Aspirations is displayed
clicked on Get Aspirations
modal contains email address input fields
Navigated to previous product page.
clicked spend and save
clicked on Get Aspirations Plus
Aspiration plus Modal is displayed
nText == $71.88
Initializing chrome driver
chrome browser object created
implicit wait for 10 seconds
opened website
about to accept cookie
accepted cookie
i slept for 4000ms
about to click spend and save
clicked spend and save
Aspiration
Aspiration Plus
Get Aspirations is displayed
clicked on Get Aspirations
modal contains email address input fields
Navigated to previous product page.
clicked spend and save
clicked on Get Aspirations Plus
Aspiration plus Modal is displayed
nText == $71.88
Initializing chrome driver
chrome browser object created
implicit wait for 10 seconds
opened website
about to accept cookie
accepted cookie
i slept for 4000ms
about to click spend and save
clicked spend and save
Aspiration
Aspiration Plus
Get Aspirations is displayed
clicked on Get Aspirations
modal contains email address input fields
Navigated to previous product page.
clicked spend and save
clicked on Get Aspirations Plus
Aspiration plus Modal is displayed
nText == $71.88
rText == $7.99
Initializing chrome driver
chrome browser object created
implicit wait for 10 seconds
opened website
about to accept cookie
accepted cookie
i slept for 4000ms
about to click spend and save
clicked spend and save
Aspiration
Aspiration Plus
Get Aspirations is displayed
clicked on Get Aspirations
modal contains email address input fields
Navigated to previous product page.
clicked spend and save
clicked on Get Aspirations Plus
Aspiration plus Modal is displayed
nText == $71.88
rText == $7.99
Initializing chrome driver
chrome browser object created
implicit wait for 10 seconds
opened website
about to accept cookie
accepted cookie
i slept for 4000ms
about to click spend and save
clicked spend and save
Aspiration
Aspiration Plus
Get Aspirations is displayed
clicked on Get Aspirations
modal contains email address input fields
Navigated to previous product page.
clicked spend and save
clicked on Get Aspirations Plus
Aspiration plus Modal is displayed
nText == $71.88
rText == $7.99
Initializing chrome driver
chrome browser object created
implicit wait for 10 seconds
opened website
about to accept cookie
accepted cookie
i slept for 4000ms
about to click spend and save
clicked spend and save
Aspiration
Aspiration Plus
Initializing chrome driver
chrome browser object created
implicit wait for 10 seconds
opened website
about to accept cookie
accepted cookie
i slept for 4000ms
about to click spend and save
clicked spend and save
Aspiration
Aspiration Plus
Get Aspirations is displayed
clicked on Get Aspirations
modal contains email address input fields
Navigated to previous product page.
clicked spend and save
clicked on Get Aspirations Plus
Aspiration plus Modal is displayed
nText == $71.88
rText == $7.99
Initializing chrome driver
chrome browser object created
implicit wait for 10 seconds
opened website
about to accept cookie
accepted cookie
i slept for 4000ms
about to click spend and save
clicked spend and save
Aspiration
Aspiration Plus
Get Aspirations is displayed
clicked on Get Aspirations
modal contains email address input fields
Navigated to previous product page.
clicked spend and save
clicked on Get Aspirations Plus
Aspiration plus Modal is displayed
nText == $71.88
rText == $7.99
Initializing chrome driver
chrome browser object created
implicit wait for 10 seconds
opened website
about to accept cookie
accepted cookie
i slept for 4000ms
about to click spend and save
clicked spend and save
Aspiration
Aspiration Plus
Get Aspirations is displayed
clicked on Get Aspirations
modal contains email address input fields
Navigated to previous product page.
clicked spend and save
clicked on Get Aspirations Plus
Aspiration plus Modal is displayed
nText == $71.88
rText == $7.99
Initializing chrome driver
chrome browser object created
implicit wait for 10 seconds
opened website
about to accept cookie
accepted cookie
i slept for 4000ms
about to click spend and save
clicked spend and save
Aspiration
Aspiration Plus
Get Aspirations is displayed
clicked on Get Aspirations
modal contains email address input fields
Navigated to previous product page.
clicked spend and save
clicked on Get Aspirations Plus
Aspiration plus Modal is displayed
nText == $71.88
rText == $7.99
Initializing chrome driver
Initializing chrome driver
Initializing chrome driver
Initializing chrome driver
{INFO}  stepDefinitions.AbstractStepDefinition   Initializing chrome driver                     30-Sep-2021 Thursday PDT 09:43:03
{INFO}  stepDefinitions.AbstractStepDefinition   Initializing chrome driver                     30-Sep-2021 Thursday PDT 09:43:06
{INFO}  stepDefinitions.AbstractStepDefinition   Initializing chrome driver                     30-Sep-2021 Thursday PDT 09:43:08
{INFO}  stepDefinitions.AbstractStepDefinition   Initializing chrome driver                     30-Sep-2021 Thursday PDT 09:43:09
{INFO}  stepDefinitions.AbstractStepDefinition   Initializing chrome driver                     30-Sep-2021 Thursday PDT 09:49:31
{INFO}  stepDefinitions.AbstractStepDefinition   Initializing chrome driver                     30-Sep-2021 Thursday PDT 09:49:34
{INFO}  stepDefinitions.AbstractStepDefinition   Initializing chrome driver                     30-Sep-2021 Thursday PDT 09:49:36
{INFO}  stepDefinitions.AbstractStepDefinition   Initializing chrome driver                     30-Sep-2021 Thursday PDT 09:49:38
{INFO}  stepDefinitions.AbstractStepDefinition   Initializing chrome driver                     30-Sep-2021 Thursday PDT 09:53:50
{INFO}  stepDefinitions.AbstractStepDefinition   Initializing chrome driver                     30-Sep-2021 Thursday PDT 09:53:53
{INFO}  stepDefinitions.AbstractStepDefinition   Initializing chrome driver                     30-Sep-2021 Thursday PDT 09:53:55
{INFO}  stepDefinitions.AbstractStepDefinition   Initializing chrome driver                     30-Sep-2021 Thursday PDT 09:53:57
{INFO}  stepDefinitions.AbstractStepDefinition   Initializing chrome driver                     30-Sep-2021 Thursday PDT 09:54:47
{INFO}  stepDefinitions.AbstractStepDefinition   Initializing chrome driver                     30-Sep-2021 Thursday PDT 09:54:50
{INFO}  stepDefinitions.AbstractStepDefinition   Initializing chrome driver                     30-Sep-2021 Thursday PDT 09:54:52
{INFO}  stepDefinitions.AbstractStepDefinition   Initializing chrome driver                     30-Sep-2021 Thursday PDT 09:54:54
{INFO}  stepDefinitions.AbstractStepDefinition   Initializing chrome driver                     30-Sep-2021 Thursday PDT 09:57:36
{INFO}  stepDefinitions.AbstractStepDefinition   Initializing chrome driver                     30-Sep-2021 Thursday PDT 09:57:39
{INFO}  stepDefinitions.AbstractStepDefinition   Initializing chrome driver                     30-Sep-2021 Thursday PDT 09:57:41
{INFO}  stepDefinitions.AbstractStepDefinition   Initializing chrome driver                     30-Sep-2021 Thursday PDT 09:57:43
{INFO}  stepDefinitions.AbstractStepDefinition   Initializing chrome driver                     30-Sep-2021 Thursday PDT 10:01:33
{INFO}  stepDefinitions.AbstractStepDefinition   Initializing chrome driver                     30-Sep-2021 Thursday PDT 10:01:36
{INFO}  stepDefinitions.AbstractStepDefinition   Initializing chrome driver                     30-Sep-2021 Thursday PDT 10:01:38
{INFO}  stepDefinitions.AbstractStepDefinition   Initializing chrome driver                     30-Sep-2021 Thursday PDT 10:01:40
{INFO}  stepDefinitions.AbstractStepDefinition   Initializing chrome driver                     30-Sep-2021 Thursday PDT 10:02:24
{INFO}  stepDefinitions.AbstractStepDefinition   Initializing chrome driver                     30-Sep-2021 Thursday PDT 10:02:27
{INFO}  stepDefinitions.AbstractStepDefinition   Initializing chrome driver                     30-Sep-2021 Thursday PDT 10:02:29
{INFO}  stepDefinitions.AbstractStepDefinition   Initializing chrome driver                     30-Sep-2021 Thursday PDT 10:02:30
{INFO}  stepDefinitions.AbstractStepDefinition   Initializing step1 chrome driver                     30-Sep-2021 Thursday PDT 10:04:50
{INFO}  stepDefinitions.AbstractStepDefinition   Initializing step1 chrome driver                     30-Sep-2021 Thursday PDT 10:04:53
{INFO}  stepDefinitions.AbstractStepDefinition   Initializing step1 chrome driver                     30-Sep-2021 Thursday PDT 10:04:55
{INFO}  stepDefinitions.AbstractStepDefinition   Initializing step1 chrome driver                     30-Sep-2021 Thursday PDT 10:04:57
{INFO}  stepDefinitions.AbstractStepDefinition   Initializing step1 chrome driver                     30-Sep-2021 Thursday PDT 10:11:45
{INFO}  stepDefinitions.AbstractStepDefinition   Initializing step1 chrome driver                     30-Sep-2021 Thursday PDT 10:11:48
{INFO}  stepDefinitions.AbstractStepDefinition   Initializing step1 chrome driver                     30-Sep-2021 Thursday PDT 10:11:50
{INFO}  stepDefinitions.AbstractStepDefinition   Initializing step1 chrome driver                     30-Sep-2021 Thursday PDT 10:11:52
{INFO}  stepDefinitions.AbstractStepDefinition   Initializing step1 chrome driver                     30-Sep-2021 Thursday PDT 10:16:26
{INFO}  stepDefinitions.AbstractStepDefinition   Initializing step1 chrome driver                     30-Sep-2021 Thursday PDT 10:16:28
{INFO}  stepDefinitions.AbstractStepDefinition   Initializing step1 chrome driver                     30-Sep-2021 Thursday PDT 10:16:30
{INFO}  stepDefinitions.AbstractStepDefinition   Initializing step1 chrome driver                     30-Sep-2021 Thursday PDT 10:16:32
{INFO}  stepDefinitions.AbstractStepDefinition   Initializing step1 chrome driver                     30-Sep-2021 Thursday PDT 10:32:25
{INFO}  stepDefinitions.AbstractStepDefinition   Initializing step1 chrome driver                     30-Sep-2021 Thursday PDT 10:32:28
{INFO}  stepDefinitions.AbstractStepDefinition   Initializing step1 chrome driver                     30-Sep-2021 Thursday PDT 10:32:30
{INFO}  stepDefinitions.AbstractStepDefinition   Initializing step1 chrome driver                     30-Sep-2021 Thursday PDT 10:32:32
{INFO}  stepDefinitions.AbstractStepDefinition   Initializing step1 chrome driver                     30-Sep-2021 Thursday PDT 10:51:46
{INFO}  stepDefinitions.AbstractStepDefinition   chrome browser object created                     30-Sep-2021 Thursday PDT 10:51:48
{INFO}  stepDefinitions.HomePage   implicit wait for 5 seconds                     30-Sep-2021 Thursday PDT 10:51:48
{INFO}  stepDefinitions.HomePage   opened website                     30-Sep-2021 Thursday PDT 10:51:54
{INFO}  stepDefinitions.HomePage   about to accept cookie                     30-Sep-2021 Thursday PDT 10:51:54
{INFO}  stepDefinitions.HomePage   accepted cookie                     30-Sep-2021 Thursday PDT 10:51:55
{INFO}  stepDefinitions.HomePage   i slept for 4000ms                     30-Sep-2021 Thursday PDT 10:51:59
{INFO}  stepDefinitions.HomePage   about to click spend and save                     30-Sep-2021 Thursday PDT 10:51:59
{INFO}  stepDefinitions.HomePage   clicked spend and save                     30-Sep-2021 Thursday PDT 10:52:03
{INFO}  stepDefinitions.HomePage   Aspiration                     30-Sep-2021 Thursday PDT 10:52:03
{INFO}  stepDefinitions.HomePage   Aspiration Plus                     30-Sep-2021 Thursday PDT 10:52:03
{INFO}  stepDefinitions.AbstractStepDefinition   Initializing step1 chrome driver                     30-Sep-2021 Thursday PDT 10:52:03
{INFO}  stepDefinitions.AbstractStepDefinition   chrome browser object created                     30-Sep-2021 Thursday PDT 10:52:05
{INFO}  stepDefinitions.AbstractStepDefinition   Initializing step1 chrome driver                     30-Sep-2021 Thursday PDT 10:52:05
{INFO}  stepDefinitions.AbstractStepDefinition   chrome browser object created                     30-Sep-2021 Thursday PDT 10:52:07
{INFO}  stepDefinitions.ProductPageSteps   Navigated to previous product page.                     30-Sep-2021 Thursday PDT 10:52:07
{INFO}  stepDefinitions.AbstractStepDefinition   Initializing step1 chrome driver                     30-Sep-2021 Thursday PDT 10:52:07
{INFO}  stepDefinitions.AbstractStepDefinition   chrome browser object created                     30-Sep-2021 Thursday PDT 10:52:09
{INFO}  stepDefinitions.AbstractStepDefinition   Initializing step1 chrome driver                     30-Sep-2021 Thursday PDT 10:53:05
{INFO}  stepDefinitions.AbstractStepDefinition   chrome browser object created                     30-Sep-2021 Thursday PDT 10:53:07
{INFO}  stepDefinitions.HomePage   implicit wait for 5 seconds                     30-Sep-2021 Thursday PDT 10:53:07
{INFO}  stepDefinitions.HomePage   opened website                     30-Sep-2021 Thursday PDT 10:53:13
{INFO}  stepDefinitions.HomePage   about to accept cookie                     30-Sep-2021 Thursday PDT 10:53:13
{INFO}  stepDefinitions.HomePage   accepted cookie                     30-Sep-2021 Thursday PDT 10:53:13
{INFO}  stepDefinitions.HomePage   i slept for 4000ms                     30-Sep-2021 Thursday PDT 10:53:17
{INFO}  stepDefinitions.HomePage   about to click spend and save                     30-Sep-2021 Thursday PDT 10:53:17
{INFO}  stepDefinitions.HomePage   clicked spend and save                     30-Sep-2021 Thursday PDT 10:53:21
{INFO}  stepDefinitions.HomePage   Aspiration                     30-Sep-2021 Thursday PDT 10:53:22
{INFO}  stepDefinitions.HomePage   Aspiration Plus                     30-Sep-2021 Thursday PDT 10:53:22
{INFO}  stepDefinitions.ProductPageSteps   Get Aspirations is displayed                     30-Sep-2021 Thursday PDT 10:53:22
{INFO}  stepDefinitions.ProductPageSteps   clicked on Get Aspirations                     30-Sep-2021 Thursday PDT 10:53:22
{INFO}  stepDefinitions.ProductPageSteps   modal contains email address input fields                     30-Sep-2021 Thursday PDT 10:53:23
{INFO}  stepDefinitions.ProductPageSteps   Navigated to previous product page.                     30-Sep-2021 Thursday PDT 10:53:26
{INFO}  stepDefinitions.ProductPageSteps   clicked spend and save                     30-Sep-2021 Thursday PDT 10:53:29
{INFO}  stepDefinitions.ProductPageSteps   clicked on Get Aspirations Plus                     30-Sep-2021 Thursday PDT 10:53:30
{INFO}  stepDefinitions.ProductPageSteps   Aspiration plus Modal is displayed                     30-Sep-2021 Thursday PDT 10:53:30
{INFO}  stepDefinitions.ProductPageSteps   nText == $71.88                     30-Sep-2021 Thursday PDT 10:53:30
{INFO}  stepDefinitions.ProductPageSteps   rText == $7.99                     30-Sep-2021 Thursday PDT 10:53:30
{INFO}  stepDefinitions.AbstractStepDefinition   Initializing step1 chrome driver                     30-Sep-2021 Thursday PDT 11:05:10
{INFO}  stepDefinitions.AbstractStepDefinition   chrome browser object created                     30-Sep-2021 Thursday PDT 11:05:13
{INFO}  stepDefinitions.HomePage   implicit wait for 5 seconds                     30-Sep-2021 Thursday PDT 11:05:13
{INFO}  stepDefinitions.HomePage   opened website                     30-Sep-2021 Thursday PDT 11:05:20
{INFO}  stepDefinitions.HomePage   about to accept cookie                     30-Sep-2021 Thursday PDT 11:05:20
{INFO}  stepDefinitions.HomePage   accepted cookie                     30-Sep-2021 Thursday PDT 11:05:21
{INFO}  stepDefinitions.HomePage   i slept for 4000ms                     30-Sep-2021 Thursday PDT 11:05:25
{INFO}  stepDefinitions.HomePage   about to click spend and save                     30-Sep-2021 Thursday PDT 11:05:25
{INFO}  stepDefinitions.HomePage   clicked spend and save                     30-Sep-2021 Thursday PDT 11:05:28
{INFO}  stepDefinitions.HomePage   Aspiration                     30-Sep-2021 Thursday PDT 11:05:28
{INFO}  stepDefinitions.HomePage   Aspiration Plus                     30-Sep-2021 Thursday PDT 11:05:28
{INFO}  stepDefinitions.ProductPageSteps   Get Aspirations is displayed                     30-Sep-2021 Thursday PDT 11:05:28
{INFO}  stepDefinitions.ProductPageSteps   clicked on Get Aspirations                     30-Sep-2021 Thursday PDT 11:05:29
{INFO}  stepDefinitions.ProductPageSteps   modal contains email address input fields                     30-Sep-2021 Thursday PDT 11:05:29
{INFO}  stepDefinitions.ProductPageSteps   Navigated to previous product page.                     30-Sep-2021 Thursday PDT 11:05:33
{INFO}  stepDefinitions.ProductPageSteps   clicked spend and save                     30-Sep-2021 Thursday PDT 11:05:36
{INFO}  stepDefinitions.ProductPageSteps   clicked on Get Aspirations Plus                     30-Sep-2021 Thursday PDT 11:05:36
{INFO}  stepDefinitions.ProductPageSteps   Aspiration plus Modal is displayed                     30-Sep-2021 Thursday PDT 11:05:36
{INFO}  stepDefinitions.ProductPageSteps   nText == $71.88                     30-Sep-2021 Thursday PDT 11:05:36
{INFO}  stepDefinitions.ProductPageSteps   rText == $7.99                     30-Sep-2021 Thursday PDT 11:05:37
{INFO}  stepDefinitions.AbstractStepDefinition   Initializing step1 chrome driver                     30-Sep-2021 Thursday PDT 11:07:26
{INFO}  stepDefinitions.AbstractStepDefinition   Initializing step1 chrome driver                     30-Sep-2021 Thursday PDT 11:07:26
{INFO}  stepDefinitions.AbstractStepDefinition   Initializing step1 chrome driver                     30-Sep-2021 Thursday PDT 11:07:26
{INFO}  stepDefinitions.AbstractStepDefinition   Initializing step1 chrome driver                     30-Sep-2021 Thursday PDT 11:07:26
{INFO}  stepDefinitions.AbstractStepDefinition   Initializing step1 chrome driver                     30-Sep-2021 Thursday PDT 11:09:00
{INFO}  stepDefinitions.AbstractStepDefinition   chrome browser object created                     30-Sep-2021 Thursday PDT 11:09:04
{INFO}  stepDefinitions.HomePage   implicit wait for 5 seconds                     30-Sep-2021 Thursday PDT 11:09:04
{INFO}  stepDefinitions.HomePage   opened website                     30-Sep-2021 Thursday PDT 11:09:12
{INFO}  stepDefinitions.HomePage   about to accept cookie                     30-Sep-2021 Thursday PDT 11:09:12
{INFO}  stepDefinitions.HomePage   accepted cookie                     30-Sep-2021 Thursday PDT 11:09:13
{INFO}  stepDefinitions.HomePage   i slept for 4000ms                     30-Sep-2021 Thursday PDT 11:09:17
{INFO}  stepDefinitions.HomePage   about to click spend and save                     30-Sep-2021 Thursday PDT 11:09:17
{INFO}  stepDefinitions.HomePage   clicked spend and save                     30-Sep-2021 Thursday PDT 11:09:20
{INFO}  stepDefinitions.HomePage   Aspiration                     30-Sep-2021 Thursday PDT 11:09:21
{INFO}  stepDefinitions.HomePage   Aspiration Plus                     30-Sep-2021 Thursday PDT 11:09:21
{INFO}  stepDefinitions.ProductPageSteps   Get Aspirations is displayed                     30-Sep-2021 Thursday PDT 11:09:21
{INFO}  stepDefinitions.ProductPageSteps   clicked on Get Aspirations                     30-Sep-2021 Thursday PDT 11:09:21
{INFO}  stepDefinitions.ProductPageSteps   modal contains email address input fields                     30-Sep-2021 Thursday PDT 11:09:22
{INFO}  stepDefinitions.ProductPageSteps   Navigated to previous product page.                     30-Sep-2021 Thursday PDT 11:09:26
{INFO}  stepDefinitions.ProductPageSteps   clicked spend and save                     30-Sep-2021 Thursday PDT 11:09:29
{INFO}  stepDefinitions.ProductPageSteps   clicked on Get Aspirations Plus                     30-Sep-2021 Thursday PDT 11:09:29
{INFO}  stepDefinitions.ProductPageSteps   Aspiration plus Modal is displayed                     30-Sep-2021 Thursday PDT 11:09:30
{INFO}  stepDefinitions.ProductPageSteps   nText == $71.88                     30-Sep-2021 Thursday PDT 11:09:30
{INFO}  stepDefinitions.ProductPageSteps   rText == $7.99                     30-Sep-2021 Thursday PDT 11:09:30
{INFO}  stepDefinitions.AbstractStepDefinition   Initializing step1 chrome driver                     30-Sep-2021 Thursday PDT 11:12:33
{INFO}  stepDefinitions.AbstractStepDefinition   Initializing step1 chrome driver                     30-Sep-2021 Thursday PDT 11:12:33
{INFO}  stepDefinitions.AbstractStepDefinition   Initializing step1 chrome driver                     30-Sep-2021 Thursday PDT 11:12:33
{INFO}  stepDefinitions.AbstractStepDefinition   Initializing step1 chrome driver                     30-Sep-2021 Thursday PDT 11:12:33
{INFO}  stepDefinitions.AbstractStepDefinition   Initializing step1 chrome driver                     30-Sep-2021 Thursday PDT 11:16:29
{INFO}  stepDefinitions.AbstractStepDefinition   Initializing step1 chrome driver                     30-Sep-2021 Thursday PDT 11:16:29
{INFO}  stepDefinitions.AbstractStepDefinition   Initializing step1 chrome driver                     30-Sep-2021 Thursday PDT 11:16:29
{INFO}  stepDefinitions.AbstractStepDefinition   Initializing step1 chrome driver                     30-Sep-2021 Thursday PDT 11:16:29
{INFO}  stepDefinitions.AbstractStepDefinition   Initializing step1 chrome driver                     30-Sep-2021 Thursday PDT 11:17:48
{INFO}  stepDefinitions.AbstractStepDefinition   chrome browser object created                     30-Sep-2021 Thursday PDT 11:17:51
{INFO}  stepDefinitions.HomePage   implicit wait for 5 seconds                     30-Sep-2021 Thursday PDT 11:17:51
{INFO}  stepDefinitions.HomePage   opened website                     30-Sep-2021 Thursday PDT 11:17:58
{INFO}  stepDefinitions.HomePage   about to accept cookie                     30-Sep-2021 Thursday PDT 11:17:58
{INFO}  stepDefinitions.HomePage   accepted cookie                     30-Sep-2021 Thursday PDT 11:17:58
{INFO}  stepDefinitions.HomePage   i slept for 4000ms                     30-Sep-2021 Thursday PDT 11:18:02
{INFO}  stepDefinitions.HomePage   about to click spend and save                     30-Sep-2021 Thursday PDT 11:18:02
{INFO}  stepDefinitions.HomePage   clicked spend and save                     30-Sep-2021 Thursday PDT 11:18:06
{INFO}  stepDefinitions.HomePage   Aspiration                     30-Sep-2021 Thursday PDT 11:18:06
{INFO}  stepDefinitions.HomePage   Aspiration Plus                     30-Sep-2021 Thursday PDT 11:18:06
{INFO}  stepDefinitions.ProductPageSteps   Get Aspirations is displayed                     30-Sep-2021 Thursday PDT 11:18:06
{INFO}  stepDefinitions.ProductPageSteps   clicked on Get Aspirations                     30-Sep-2021 Thursday PDT 11:18:07
{INFO}  stepDefinitions.ProductPageSteps   modal contains email address input fields                     30-Sep-2021 Thursday PDT 11:18:07
{INFO}  stepDefinitions.ProductPageSteps   Navigated to previous product page.                     30-Sep-2021 Thursday PDT 11:18:10
{INFO}  stepDefinitions.ProductPageSteps   clicked spend and save                     30-Sep-2021 Thursday PDT 11:18:14
{INFO}  stepDefinitions.ProductPageSteps   clicked on Get Aspirations Plus                     30-Sep-2021 Thursday PDT 11:18:14
{INFO}  stepDefinitions.ProductPageSteps   Aspiration plus Modal is displayed                     30-Sep-2021 Thursday PDT 11:18:14
{INFO}  stepDefinitions.ProductPageSteps   nText == $71.88                     30-Sep-2021 Thursday PDT 11:18:14
{INFO}  stepDefinitions.ProductPageSteps   rText == $7.99                     30-Sep-2021 Thursday PDT 11:18:14
{INFO}  stepDefinitions.AbstractStepDefinition   Initializing step1 chrome driver                     30-Sep-2021 Thursday PDT 11:42:36
{INFO}  stepDefinitions.AbstractStepDefinition   chrome browser object created                     30-Sep-2021 Thursday PDT 11:42:40
{INFO}  stepDefinitions.HomePage   implicit wait for 5 seconds                     30-Sep-2021 Thursday PDT 11:42:40
{INFO}  stepDefinitions.HomePage   opened website                     30-Sep-2021 Thursday PDT 11:42:49
{INFO}  stepDefinitions.HomePage   about to accept cookie                     30-Sep-2021 Thursday PDT 11:42:49
{INFO}  stepDefinitions.HomePage   accepted cookie                     30-Sep-2021 Thursday PDT 11:42:49
{INFO}  stepDefinitions.HomePage   i slept for 4000ms                     30-Sep-2021 Thursday PDT 11:42:53
{INFO}  stepDefinitions.HomePage   about to click spend and save                     30-Sep-2021 Thursday PDT 11:42:53
{INFO}  stepDefinitions.HomePage   clicked spend and save                     30-Sep-2021 Thursday PDT 11:42:58
{INFO}  stepDefinitions.HomePage   Aspiration                     30-Sep-2021 Thursday PDT 11:42:58
{INFO}  stepDefinitions.HomePage   Aspiration Plus                     30-Sep-2021 Thursday PDT 11:42:58
{INFO}  stepDefinitions.ProductPageSteps   Get Aspirations is displayed                     30-Sep-2021 Thursday PDT 11:42:58
{INFO}  stepDefinitions.ProductPageSteps   clicked on Get Aspirations                     30-Sep-2021 Thursday PDT 11:42:59
{INFO}  stepDefinitions.ProductPageSteps   modal contains email address input fields                     30-Sep-2021 Thursday PDT 11:42:59
{INFO}  stepDefinitions.ProductPageSteps   Navigated to previous product page.                     30-Sep-2021 Thursday PDT 11:43:03
{INFO}  stepDefinitions.ProductPageSteps   clicked spend and save                     30-Sep-2021 Thursday PDT 11:43:06
{INFO}  stepDefinitions.ProductPageSteps   clicked on Get Aspirations Plus                     30-Sep-2021 Thursday PDT 11:43:06
{INFO}  stepDefinitions.ProductPageSteps   Aspiration plus Modal is displayed                     30-Sep-2021 Thursday PDT 11:43:07
{INFO}  stepDefinitions.ProductPageSteps   nText == $71.88                     30-Sep-2021 Thursday PDT 11:43:07
{INFO}  stepDefinitions.ProductPageSteps   rText == $7.99                     30-Sep-2021 Thursday PDT 11:43:07
{INFO}  stepDefinitions.AbstractStepDefinition   Initializing step1 chrome driver                     30-Sep-2021 Thursday PDT 23:29:14
{INFO}  stepDefinitions.AbstractStepDefinition   chrome browser object created                     30-Sep-2021 Thursday PDT 23:29:17
{INFO}  stepDefinitions.HomePage   implicit wait for 5 seconds                     30-Sep-2021 Thursday PDT 23:29:17
{INFO}  stepDefinitions.HomePage   opened website                     30-Sep-2021 Thursday PDT 23:29:24
{INFO}  stepDefinitions.HomePage   about to accept cookie                     30-Sep-2021 Thursday PDT 23:29:24
{INFO}  stepDefinitions.HomePage   accepted cookie                     30-Sep-2021 Thursday PDT 23:29:24
{INFO}  stepDefinitions.HomePage   i slept for 4000ms                     30-Sep-2021 Thursday PDT 23:29:28
{INFO}  stepDefinitions.HomePage   about to click spend and save                     30-Sep-2021 Thursday PDT 23:29:28
{INFO}  stepDefinitions.HomePage   clicked spend and save                     30-Sep-2021 Thursday PDT 23:29:32
{INFO}  stepDefinitions.HomePage   Aspiration                     30-Sep-2021 Thursday PDT 23:29:33
{INFO}  stepDefinitions.HomePage   Aspiration Plus                     30-Sep-2021 Thursday PDT 23:29:33
{INFO}  stepDefinitions.ProductPageSteps   Get Aspirations is displayed                     30-Sep-2021 Thursday PDT 23:29:33
{INFO}  stepDefinitions.ProductPageSteps   clicked on Get Aspirations                     30-Sep-2021 Thursday PDT 23:29:33
{INFO}  stepDefinitions.ProductPageSteps   modal contains email address input fields                     30-Sep-2021 Thursday PDT 23:29:33
{INFO}  stepDefinitions.ProductPageSteps   Navigated to previous product page.                     30-Sep-2021 Thursday PDT 23:29:37
{INFO}  stepDefinitions.ProductPageSteps   clicked spend and save                     30-Sep-2021 Thursday PDT 23:29:40
{INFO}  stepDefinitions.ProductPageSteps   clicked on Get Aspirations Plus                     30-Sep-2021 Thursday PDT 23:29:40
{INFO}  stepDefinitions.ProductPageSteps   Aspiration plus Modal is displayed                     30-Sep-2021 Thursday PDT 23:29:40
{INFO}  stepDefinitions.ProductPageSteps   nText == $71.88                     30-Sep-2021 Thursday PDT 23:29:40
{INFO}  stepDefinitions.ProductPageSteps   rText == $7.99                     30-Sep-2021 Thursday PDT 23:29:40
{INFO}  stepDefinitions.AbstractStepDefinition   Initializing step1 chrome driver                     30-Sep-2021 Thursday PDT 23:39:57
{INFO}  stepDefinitions.AbstractStepDefinition   chrome browser object created                     30-Sep-2021 Thursday PDT 23:40:00
{INFO}  stepDefinitions.HomePage   implicit wait for 5 seconds                     30-Sep-2021 Thursday PDT 23:40:01
{INFO}  stepDefinitions.HomePage   opened website                     30-Sep-2021 Thursday PDT 23:40:06
{INFO}  stepDefinitions.HomePage   about to accept cookie                     30-Sep-2021 Thursday PDT 23:40:06
{INFO}  stepDefinitions.HomePage   accepted cookie                     30-Sep-2021 Thursday PDT 23:40:07
{INFO}  stepDefinitions.HomePage   i slept for 4000ms                     30-Sep-2021 Thursday PDT 23:40:11
{INFO}  stepDefinitions.HomePage   about to click spend and save                     30-Sep-2021 Thursday PDT 23:40:11
{INFO}  stepDefinitions.HomePage   clicked spend and save                     30-Sep-2021 Thursday PDT 23:40:14
{INFO}  stepDefinitions.HomePage   Aspiration                     30-Sep-2021 Thursday PDT 23:40:14
{INFO}  stepDefinitions.HomePage   Aspiration Plus                     30-Sep-2021 Thursday PDT 23:40:14
{INFO}  stepDefinitions.ProductPageSteps   Get Aspirations is displayed                     30-Sep-2021 Thursday PDT 23:40:14
{INFO}  stepDefinitions.ProductPageSteps   clicked on Get Aspirations                     30-Sep-2021 Thursday PDT 23:40:15
{INFO}  stepDefinitions.ProductPageSteps   modal contains email address input fields                     30-Sep-2021 Thursday PDT 23:40:15
{INFO}  stepDefinitions.ProductPageSteps   Navigated to previous product page.                     30-Sep-2021 Thursday PDT 23:40:18
{INFO}  stepDefinitions.ProductPageSteps   clicked spend and save                     30-Sep-2021 Thursday PDT 23:40:21
{INFO}  stepDefinitions.ProductPageSteps   clicked on Get Aspirations Plus                     30-Sep-2021 Thursday PDT 23:40:21
{INFO}  stepDefinitions.ProductPageSteps   Aspiration plus Modal is displayed                     30-Sep-2021 Thursday PDT 23:40:21
{INFO}  stepDefinitions.ProductPageSteps   nText == $71.88                     30-Sep-2021 Thursday PDT 23:40:22
{INFO}  stepDefinitions.ProductPageSteps   rText == $7.99                     30-Sep-2021 Thursday PDT 23:40:22
{INFO}  stepDefinitions.AbstractStepDefinition   Initializing step1 chrome driver                     30-Sep-2021 Thursday PDT 23:41:07
{INFO}  stepDefinitions.AbstractStepDefinition   chrome browser object created                     30-Sep-2021 Thursday PDT 23:41:10
{INFO}  stepDefinitions.HomePage   implicit wait for 5 seconds                     30-Sep-2021 Thursday PDT 23:41:10
{INFO}  stepDefinitions.HomePage   opened website                     30-Sep-2021 Thursday PDT 23:41:18
{INFO}  stepDefinitions.HomePage   about to accept cookie                     30-Sep-2021 Thursday PDT 23:41:18
{INFO}  stepDefinitions.HomePage   accepted cookie                     30-Sep-2021 Thursday PDT 23:41:18
{INFO}  stepDefinitions.HomePage   i slept for 4000ms                     30-Sep-2021 Thursday PDT 23:41:22
{INFO}  stepDefinitions.HomePage   about to click spend and save                     30-Sep-2021 Thursday PDT 23:41:22
{INFO}  stepDefinitions.HomePage   clicked spend and save                     30-Sep-2021 Thursday PDT 23:41:26
{INFO}  stepDefinitions.HomePage   Aspiration                     30-Sep-2021 Thursday PDT 23:41:27
{INFO}  stepDefinitions.HomePage   Aspiration Plus                     30-Sep-2021 Thursday PDT 23:41:27
{INFO}  stepDefinitions.ProductPageSteps   Get Aspirations is displayed                     30-Sep-2021 Thursday PDT 23:41:27
{INFO}  stepDefinitions.ProductPageSteps   clicked on Get Aspirations                     30-Sep-2021 Thursday PDT 23:41:27
{INFO}  stepDefinitions.ProductPageSteps   modal contains email address input fields                     30-Sep-2021 Thursday PDT 23:41:27
{INFO}  stepDefinitions.ProductPageSteps   Navigated to previous product page.                     30-Sep-2021 Thursday PDT 23:41:31
{INFO}  stepDefinitions.ProductPageSteps   clicked spend and save                     30-Sep-2021 Thursday PDT 23:41:34
{INFO}  stepDefinitions.ProductPageSteps   clicked on Get Aspirations Plus                     30-Sep-2021 Thursday PDT 23:41:34
{INFO}  stepDefinitions.ProductPageSteps   Aspiration plus Modal is displayed                     30-Sep-2021 Thursday PDT 23:41:34
{INFO}  stepDefinitions.ProductPageSteps   nText == $71.88                     30-Sep-2021 Thursday PDT 23:41:34
{INFO}  stepDefinitions.ProductPageSteps   rText == $7.99                     30-Sep-2021 Thursday PDT 23:41:34
{INFO}  stepDefinitions.AbstractStepDefinition   Initializing step1 chrome driver                     30-Sep-2021 Thursday PDT 23:44:34
{INFO}  stepDefinitions.AbstractStepDefinition   chrome browser object created                     30-Sep-2021 Thursday PDT 23:44:37
{INFO}  stepDefinitions.HomePage   implicit wait for 5 seconds                     30-Sep-2021 Thursday PDT 23:44:37
{INFO}  stepDefinitions.ProductPageSteps   Navigated to previous product page.                     30-Sep-2021 Thursday PDT 23:44:42
{INFO}  stepDefinitions.AbstractStepDefinition   Initializing step1 chrome driver                     30-Sep-2021 Thursday PDT 23:46:46
{INFO}  stepDefinitions.AbstractStepDefinition   chrome browser object created                     30-Sep-2021 Thursday PDT 23:46:49
{INFO}  stepDefinitions.HomePage   implicit wait for 5 seconds                     30-Sep-2021 Thursday PDT 23:46:49
{INFO}  stepDefinitions.ProductPageSteps   Navigated to previous product page.                     30-Sep-2021 Thursday PDT 23:46:55
{INFO}  stepDefinitions.AbstractStepDefinition   Initializing step1 chrome driver                     30-Sep-2021 Thursday PDT 23:48:11
{INFO}  stepDefinitions.AbstractStepDefinition   chrome browser object created                     30-Sep-2021 Thursday PDT 23:48:13
{INFO}  stepDefinitions.HomePage   implicit wait for 5 seconds                     30-Sep-2021 Thursday PDT 23:48:14
{INFO}  stepDefinitions.HomePage   launched website                     30-Sep-2021 Thursday PDT 23:48:20
{INFO}  stepDefinitions.HomePage   about to accept cookie                     30-Sep-2021 Thursday PDT 23:48:20
{INFO}  stepDefinitions.HomePage   accepted cookie                     30-Sep-2021 Thursday PDT 23:48:21
{INFO}  stepDefinitions.HomePage   i slept for 4000ms                     30-Sep-2021 Thursday PDT 23:48:25
{INFO}  stepDefinitions.HomePage   about to click spend and save                     30-Sep-2021 Thursday PDT 23:48:25
{INFO}  stepDefinitions.HomePage   clicked spend and save                     30-Sep-2021 Thursday PDT 23:48:29
{INFO}  stepDefinitions.HomePage   Aspiration                     30-Sep-2021 Thursday PDT 23:48:29
{INFO}  stepDefinitions.HomePage   Aspiration Plus                     30-Sep-2021 Thursday PDT 23:48:29
{INFO}  stepDefinitions.ProductPageSteps   Get Aspirations is displayed                     30-Sep-2021 Thursday PDT 23:48:29
{INFO}  stepDefinitions.ProductPageSteps   clicked on Get Aspirations                     30-Sep-2021 Thursday PDT 23:48:30
{INFO}  stepDefinitions.ProductPageSteps   modal contains email address input fields                     30-Sep-2021 Thursday PDT 23:48:30
{INFO}  stepDefinitions.ProductPageSteps   Navigated to previous product page.                     30-Sep-2021 Thursday PDT 23:48:36
{INFO}  stepDefinitions.ProductPageSteps   clicked spend and save                     30-Sep-2021 Thursday PDT 23:48:38
{INFO}  stepDefinitions.ProductPageSteps   clicked on Get Aspirations Plus                     30-Sep-2021 Thursday PDT 23:48:39
{INFO}  stepDefinitions.ProductPageSteps   Aspiration plus Modal is displayed                     30-Sep-2021 Thursday PDT 23:48:39
{INFO}  stepDefinitions.ProductPageSteps   nText == $71.88                     30-Sep-2021 Thursday PDT 23:48:39
{INFO}  stepDefinitions.ProductPageSteps   rText == $7.99                     30-Sep-2021 Thursday PDT 23:48:39
{INFO}  stepDefinitions.AbstractStepDefinition   Initializing step1 chrome driver                     01-Oct-2021 Friday PDT 00:00:11
{INFO}  stepDefinitions.AbstractStepDefinition   chrome browser object created                     01-Oct-2021 Friday PDT 00:00:13
{INFO}  stepDefinitions.HomePage   implicit wait for 5 seconds                     01-Oct-2021 Friday PDT 00:00:14
{INFO}  stepDefinitions.HomePage   launched website                     01-Oct-2021 Friday PDT 00:00:21
{INFO}  stepDefinitions.HomePage   accepted cookie                     01-Oct-2021 Friday PDT 00:00:21
{INFO}  stepDefinitions.HomePage   about to click spend and save                     01-Oct-2021 Friday PDT 00:00:21
{INFO}  stepDefinitions.ProductPageSteps   Navigated to previous product page.                     01-Oct-2021 Friday PDT 00:00:28
{INFO}  stepDefinitions.AbstractStepDefinition   Initializing step1 chrome driver                     01-Oct-2021 Friday PDT 00:04:26
{INFO}  stepDefinitions.AbstractStepDefinition   chrome browser object created                     01-Oct-2021 Friday PDT 00:04:29
{INFO}  stepDefinitions.HomePage   implicit wait for 5 seconds                     01-Oct-2021 Friday PDT 00:04:29
{INFO}  stepDefinitions.HomePage   launched website                     01-Oct-2021 Friday PDT 00:04:36
{INFO}  stepDefinitions.HomePage   accepted cookie                     01-Oct-2021 Friday PDT 00:04:36
{INFO}  stepDefinitions.HomePage   about to click spend and save                     01-Oct-2021 Friday PDT 00:04:36
{INFO}  stepDefinitions.ProductPageSteps   Navigated to previous product page.                     01-Oct-2021 Friday PDT 00:04:42
{INFO}  stepDefinitions.AbstractStepDefinition   Initializing step1 chrome driver                     01-Oct-2021 Friday PDT 00:06:49
{INFO}  stepDefinitions.AbstractStepDefinition   chrome browser object created                     01-Oct-2021 Friday PDT 00:06:51
{INFO}  stepDefinitions.HomePage   implicit wait for 5 seconds                     01-Oct-2021 Friday PDT 00:06:51
{INFO}  stepDefinitions.HomePage   launched website                     01-Oct-2021 Friday PDT 00:06:57
{INFO}  stepDefinitions.HomePage   accepted cookie                     01-Oct-2021 Friday PDT 00:06:57
{INFO}  stepDefinitions.HomePage   about to click spend and save                     01-Oct-2021 Friday PDT 00:06:57
{INFO}  stepDefinitions.ProductPageSteps   Navigated to previous product page.                     01-Oct-2021 Friday PDT 00:07:04
{INFO}  stepDefinitions.AbstractStepDefinition   Initializing step1 chrome driver                     01-Oct-2021 Friday PDT 00:07:59
{INFO}  stepDefinitions.AbstractStepDefinition   chrome browser object created                     01-Oct-2021 Friday PDT 00:08:02
{INFO}  stepDefinitions.HomePage   implicit wait for 5 seconds                     01-Oct-2021 Friday PDT 00:08:02
{INFO}  stepDefinitions.HomePage   launched website                     01-Oct-2021 Friday PDT 00:08:09
{INFO}  stepDefinitions.HomePage   accepted cookie                     01-Oct-2021 Friday PDT 00:08:09
{INFO}  stepDefinitions.HomePage   about to click spend and save                     01-Oct-2021 Friday PDT 00:08:09
{INFO}  stepDefinitions.ProductPageSteps   Navigated to previous product page.                     01-Oct-2021 Friday PDT 00:08:16
{INFO}  stepDefinitions.AbstractStepDefinition   Initializing step1 chrome driver                     01-Oct-2021 Friday PDT 00:10:27
{INFO}  stepDefinitions.AbstractStepDefinition   chrome browser object created                     01-Oct-2021 Friday PDT 00:10:29
{INFO}  stepDefinitions.HomePage   implicit wait for 5 seconds                     01-Oct-2021 Friday PDT 00:10:30
{INFO}  stepDefinitions.HomePage   launched website                     01-Oct-2021 Friday PDT 00:10:36
{INFO}  stepDefinitions.HomePage   accepted cookie                     01-Oct-2021 Friday PDT 00:10:37
{INFO}  stepDefinitions.HomePage   about to click spend and save                     01-Oct-2021 Friday PDT 00:10:37
{INFO}  stepDefinitions.ProductPageSteps   Navigated to previous product page.                     01-Oct-2021 Friday PDT 00:10:43
{INFO}  stepDefinitions.AbstractStepDefinition   Initializing step1 chrome driver                     01-Oct-2021 Friday PDT 00:11:59
{INFO}  stepDefinitions.AbstractStepDefinition   chrome browser object created                     01-Oct-2021 Friday PDT 00:12:03
{INFO}  stepDefinitions.HomePage   implicit wait for 5 seconds                     01-Oct-2021 Friday PDT 00:12:03
{INFO}  stepDefinitions.HomePage   launched website                     01-Oct-2021 Friday PDT 00:12:10
{INFO}  stepDefinitions.HomePage   accepted cookie                     01-Oct-2021 Friday PDT 00:12:11
{INFO}  stepDefinitions.HomePage   about to click spend and save                     01-Oct-2021 Friday PDT 00:12:15
{INFO}  stepDefinitions.HomePage   clicked spend and save                     01-Oct-2021 Friday PDT 00:12:18
{INFO}  stepDefinitions.HomePage   Aspiration                     01-Oct-2021 Friday PDT 00:12:18
{INFO}  stepDefinitions.HomePage   Aspiration Plus                     01-Oct-2021 Friday PDT 00:12:18
{INFO}  stepDefinitions.ProductPageSteps   Get Aspirations is displayed                     01-Oct-2021 Friday PDT 00:12:19
{INFO}  stepDefinitions.ProductPageSteps   clicked on Get Aspirations                     01-Oct-2021 Friday PDT 00:12:19
{INFO}  stepDefinitions.ProductPageSteps   modal contains email address input fields                     01-Oct-2021 Friday PDT 00:12:19
{INFO}  stepDefinitions.ProductPageSteps   Navigated to previous product page.                     01-Oct-2021 Friday PDT 00:12:23
{INFO}  stepDefinitions.ProductPageSteps   clicked spend and save                     01-Oct-2021 Friday PDT 00:12:27
{INFO}  stepDefinitions.ProductPageSteps   clicked on Get Aspirations Plus                     01-Oct-2021 Friday PDT 00:12:27
{INFO}  stepDefinitions.ProductPageSteps   Aspiration plus Modal is displayed                     01-Oct-2021 Friday PDT 00:12:28
{INFO}  stepDefinitions.ProductPageSteps   nText == $71.88                     01-Oct-2021 Friday PDT 00:12:28
{INFO}  stepDefinitions.ProductPageSteps   rText == $7.99                     01-Oct-2021 Friday PDT 00:12:28
{INFO}  stepDefinitions.AbstractStepDefinition   Initializing step1 chrome driver                     01-Oct-2021 Friday PDT 00:13:20
{INFO}  stepDefinitions.AbstractStepDefinition   chrome browser object created                     01-Oct-2021 Friday PDT 00:13:23
{INFO}  stepDefinitions.HomePage   implicit wait for 5 seconds                     01-Oct-2021 Friday PDT 00:13:23
{INFO}  stepDefinitions.HomePage   launched website                     01-Oct-2021 Friday PDT 00:13:29
{INFO}  stepDefinitions.HomePage   accepted cookie                     01-Oct-2021 Friday PDT 00:13:29
{INFO}  stepDefinitions.HomePage   about to click spend and save                     01-Oct-2021 Friday PDT 00:13:33
{INFO}  stepDefinitions.HomePage   clicked spend and save                     01-Oct-2021 Friday PDT 00:13:36
{INFO}  stepDefinitions.HomePage   Aspiration                     01-Oct-2021 Friday PDT 00:13:37
{INFO}  stepDefinitions.HomePage   Aspiration Plus                     01-Oct-2021 Friday PDT 00:13:37
{INFO}  stepDefinitions.ProductPageSteps   Get Aspirations is displayed                     01-Oct-2021 Friday PDT 00:13:37
{INFO}  stepDefinitions.ProductPageSteps   clicked on Get Aspirations                     01-Oct-2021 Friday PDT 00:13:37
{INFO}  stepDefinitions.ProductPageSteps   modal contains email address input fields                     01-Oct-2021 Friday PDT 00:13:38
{INFO}  stepDefinitions.ProductPageSteps   Navigated to previous product page.                     01-Oct-2021 Friday PDT 00:13:41
{INFO}  stepDefinitions.ProductPageSteps   clicked spend and save                     01-Oct-2021 Friday PDT 00:13:48
{INFO}  stepDefinitions.ProductPageSteps   clicked on Get Aspirations Plus                     01-Oct-2021 Friday PDT 00:13:48
{INFO}  stepDefinitions.ProductPageSteps   Aspiration plus Modal is displayed                     01-Oct-2021 Friday PDT 00:13:48
{INFO}  stepDefinitions.ProductPageSteps   nText == $71.88                     01-Oct-2021 Friday PDT 00:13:48
{INFO}  stepDefinitions.ProductPageSteps   rText == $7.99                     01-Oct-2021 Friday PDT 00:13:48
{INFO}  stepDefinitions.AbstractStepDefinition   Initializing step1 chrome driver                     01-Oct-2021 Friday PDT 00:14:56
{INFO}  stepDefinitions.AbstractStepDefinition   chrome browser object created                     01-Oct-2021 Friday PDT 00:14:58
{INFO}  stepDefinitions.HomePage   implicit wait for 5 seconds                     01-Oct-2021 Friday PDT 00:14:58
{INFO}  stepDefinitions.HomePage   launched website                     01-Oct-2021 Friday PDT 00:15:04
{INFO}  stepDefinitions.HomePage   about to accept cookie                     01-Oct-2021 Friday PDT 00:15:04
{INFO}  stepDefinitions.HomePage   accepted cookie                     01-Oct-2021 Friday PDT 00:15:04
{INFO}  stepDefinitions.HomePage   i slept for 4000ms                     01-Oct-2021 Friday PDT 00:15:08
{INFO}  stepDefinitions.HomePage   about to click spend and save                     01-Oct-2021 Friday PDT 00:15:08
{INFO}  stepDefinitions.HomePage   clicked spend and save                     01-Oct-2021 Friday PDT 00:15:12
{INFO}  stepDefinitions.HomePage   Aspiration                     01-Oct-2021 Friday PDT 00:15:12
{INFO}  stepDefinitions.HomePage   Aspiration Plus                     01-Oct-2021 Friday PDT 00:15:12
{INFO}  stepDefinitions.ProductPageSteps   Get Aspirations is displayed                     01-Oct-2021 Friday PDT 00:15:12
{INFO}  stepDefinitions.ProductPageSteps   clicked on Get Aspirations                     01-Oct-2021 Friday PDT 00:15:13
{INFO}  stepDefinitions.ProductPageSteps   modal contains email address input fields                     01-Oct-2021 Friday PDT 00:15:13
{INFO}  stepDefinitions.ProductPageSteps   Navigated to previous product page.                     01-Oct-2021 Friday PDT 00:15:16
{INFO}  stepDefinitions.ProductPageSteps   clicked spend and save                     01-Oct-2021 Friday PDT 00:15:19
{INFO}  stepDefinitions.ProductPageSteps   clicked on Get Aspirations Plus                     01-Oct-2021 Friday PDT 00:15:20
{INFO}  stepDefinitions.ProductPageSteps   Aspiration plus Modal is displayed                     01-Oct-2021 Friday PDT 00:15:20
{INFO}  stepDefinitions.ProductPageSteps   nText == $71.88                     01-Oct-2021 Friday PDT 00:15:20
{INFO}  stepDefinitions.ProductPageSteps   rText == $7.99                     01-Oct-2021 Friday PDT 00:15:20
{INFO}  stepDefinitions.AbstractStepDefinition   Initializing step1 chrome driver                     01-Oct-2021 Friday PDT 00:15:40
{INFO}  stepDefinitions.AbstractStepDefinition   chrome browser object created                     01-Oct-2021 Friday PDT 00:15:42
{INFO}  stepDefinitions.HomePage   implicit wait for 5 seconds                     01-Oct-2021 Friday PDT 00:15:43
{INFO}  stepDefinitions.HomePage   launched website                     01-Oct-2021 Friday PDT 00:15:49
{INFO}  stepDefinitions.HomePage   about to accept cookie                     01-Oct-2021 Friday PDT 00:15:49
{INFO}  stepDefinitions.HomePage   accepted cookie                     01-Oct-2021 Friday PDT 00:15:49
{INFO}  stepDefinitions.HomePage   i slept for 4000ms                     01-Oct-2021 Friday PDT 00:15:51
{INFO}  stepDefinitions.HomePage   about to click spend and save                     01-Oct-2021 Friday PDT 00:15:51
{INFO}  stepDefinitions.HomePage   clicked spend and save                     01-Oct-2021 Friday PDT 00:15:55
{INFO}  stepDefinitions.HomePage   Aspiration                     01-Oct-2021 Friday PDT 00:15:55
{INFO}  stepDefinitions.HomePage   Aspiration Plus                     01-Oct-2021 Friday PDT 00:15:55
{INFO}  stepDefinitions.ProductPageSteps   Get Aspirations is displayed                     01-Oct-2021 Friday PDT 00:15:55
{INFO}  stepDefinitions.ProductPageSteps   clicked on Get Aspirations                     01-Oct-2021 Friday PDT 00:15:55
{INFO}  stepDefinitions.ProductPageSteps   modal contains email address input fields                     01-Oct-2021 Friday PDT 00:15:56
{INFO}  stepDefinitions.ProductPageSteps   Navigated to previous product page.                     01-Oct-2021 Friday PDT 00:16:00
{INFO}  stepDefinitions.ProductPageSteps   clicked spend and save                     01-Oct-2021 Friday PDT 00:16:03
{INFO}  stepDefinitions.ProductPageSteps   clicked on Get Aspirations Plus                     01-Oct-2021 Friday PDT 00:16:03
{INFO}  stepDefinitions.ProductPageSteps   Aspiration plus Modal is displayed                     01-Oct-2021 Friday PDT 00:16:04
{INFO}  stepDefinitions.ProductPageSteps   nText == $71.88                     01-Oct-2021 Friday PDT 00:16:04
{INFO}  stepDefinitions.ProductPageSteps   rText == $7.99                     01-Oct-2021 Friday PDT 00:16:04
{INFO}  stepDefinitions.AbstractStepDefinition   Initializing step1 chrome driver                     01-Oct-2021 Friday PDT 00:17:37
{INFO}  stepDefinitions.AbstractStepDefinition   chrome browser object created                     01-Oct-2021 Friday PDT 00:17:40
{INFO}  stepDefinitions.HomePage   implicit wait for 5 seconds                     01-Oct-2021 Friday PDT 00:17:40
{INFO}  stepDefinitions.HomePage   launched website                     01-Oct-2021 Friday PDT 00:17:46
{INFO}  stepDefinitions.HomePage   about to accept cookie                     01-Oct-2021 Friday PDT 00:17:46
{INFO}  stepDefinitions.HomePage   accepted cookie                     01-Oct-2021 Friday PDT 00:17:46
{INFO}  stepDefinitions.HomePage   i slept for 2000ms                     01-Oct-2021 Friday PDT 00:17:48
{INFO}  stepDefinitions.HomePage   about to click spend and save                     01-Oct-2021 Friday PDT 00:17:48
{INFO}  stepDefinitions.HomePage   clicked spend and save                     01-Oct-2021 Friday PDT 00:17:53
{INFO}  stepDefinitions.HomePage   Aspiration                     01-Oct-2021 Friday PDT 00:17:53
{INFO}  stepDefinitions.HomePage   Aspiration Plus                     01-Oct-2021 Friday PDT 00:17:53
{INFO}  stepDefinitions.ProductPageSteps   Get Aspirations is displayed                     01-Oct-2021 Friday PDT 00:17:53
{INFO}  stepDefinitions.ProductPageSteps   clicked on Get Aspirations                     01-Oct-2021 Friday PDT 00:17:53
{INFO}  stepDefinitions.ProductPageSteps   modal contains email address input fields                     01-Oct-2021 Friday PDT 00:17:53
{INFO}  stepDefinitions.ProductPageSteps   Navigated to previous product page.                     01-Oct-2021 Friday PDT 00:17:59
{INFO}  stepDefinitions.ProductPageSteps   clicked spend and save                     01-Oct-2021 Friday PDT 00:18:02
{INFO}  stepDefinitions.ProductPageSteps   clicked on Get Aspirations Plus                     01-Oct-2021 Friday PDT 00:18:02
{INFO}  stepDefinitions.ProductPageSteps   Aspiration plus Modal is displayed                     01-Oct-2021 Friday PDT 00:18:02
{INFO}  stepDefinitions.ProductPageSteps   nText == $71.88                     01-Oct-2021 Friday PDT 00:18:03
{INFO}  stepDefinitions.ProductPageSteps   rText == $7.99                     01-Oct-2021 Friday PDT 00:18:03
{INFO}  stepDefinitions.AbstractStepDefinition   Initializing step1 chrome driver                     01-Oct-2021 Friday PDT 00:22:19
{INFO}  stepDefinitions.AbstractStepDefinition   chrome browser object created                     01-Oct-2021 Friday PDT 00:22:22
{INFO}  stepDefinitions.HomePage   implicit wait for 5 seconds                     01-Oct-2021 Friday PDT 00:22:22
{INFO}  stepDefinitions.HomePage   launched website                     01-Oct-2021 Friday PDT 00:22:28
{INFO}  stepDefinitions.HomePage   about to accept cookie                     01-Oct-2021 Friday PDT 00:22:29
{INFO}  stepDefinitions.HomePage   accepted cookie                     01-Oct-2021 Friday PDT 00:22:29
{INFO}  stepDefinitions.HomePage   i slept for 2000ms                     01-Oct-2021 Friday PDT 00:22:31
{INFO}  stepDefinitions.HomePage   about to click spend and save                     01-Oct-2021 Friday PDT 00:22:31
{INFO}  stepDefinitions.HomePage   clicked spend and save                     01-Oct-2021 Friday PDT 00:22:35
{INFO}  stepDefinitions.HomePage   Aspiration                     01-Oct-2021 Friday PDT 00:22:35
{INFO}  stepDefinitions.HomePage   Aspiration Plus                     01-Oct-2021 Friday PDT 00:22:35
{INFO}  stepDefinitions.ProductPageSteps   Get Aspirations is displayed                     01-Oct-2021 Friday PDT 00:22:35
{INFO}  stepDefinitions.ProductPageSteps   clicked on Get Aspirations                     01-Oct-2021 Friday PDT 00:22:35
{INFO}  stepDefinitions.ProductPageSteps   modal contains email address input fields                     01-Oct-2021 Friday PDT 00:22:35
{INFO}  stepDefinitions.ProductPageSteps   Navigated to previous product page.                     01-Oct-2021 Friday PDT 00:22:39
{INFO}  stepDefinitions.ProductPageSteps   clicked spend and save                     01-Oct-2021 Friday PDT 00:22:42
{INFO}  stepDefinitions.ProductPageSteps   clicked on Get Aspirations Plus                     01-Oct-2021 Friday PDT 00:22:42
{INFO}  stepDefinitions.ProductPageSteps   Aspiration plus Modal is displayed                     01-Oct-2021 Friday PDT 00:22:43
{INFO}  stepDefinitions.ProductPageSteps   nText == $71.88                     01-Oct-2021 Friday PDT 00:22:43
{INFO}  stepDefinitions.ProductPageSteps   rText == $7.99                     01-Oct-2021 Friday PDT 00:22:43
{INFO}  stepDefinitions.AbstractStepDefinition   Initializing step1 chrome driver                     01-Oct-2021 Friday PDT 00:29:30
{INFO}  stepDefinitions.AbstractStepDefinition   chrome browser object created                     01-Oct-2021 Friday PDT 00:29:33
{INFO}  stepDefinitions.HomePage   implicit wait for 5 seconds                     01-Oct-2021 Friday PDT 00:29:33
{INFO}  stepDefinitions.HomePage   java.io.FileNotFoundException: /Usrs/adekoyaadeeko/Documents/workspace-spring-tool-suite-4-4.8.1.RELEASE/Aspiration-cucumber-demo/src/main/resources/testData.properties (No such file or directory)                     01-Oct-2021 Friday PDT 00:29:33
{INFO}  stepDefinitions.ProductPageSteps   Navigated to previous product page.                     01-Oct-2021 Friday PDT 00:29:38
{INFO}  stepDefinitions.AbstractStepDefinition   Initializing step1 chrome driver                     01-Oct-2021 Friday PDT 00:30:33
{INFO}  stepDefinitions.AbstractStepDefinition   chrome browser object created                     01-Oct-2021 Friday PDT 00:30:36
{INFO}  stepDefinitions.HomePage   implicit wait for 5 seconds                     01-Oct-2021 Friday PDT 00:30:36
{INFO}  stepDefinitions.HomePage   launched website                     01-Oct-2021 Friday PDT 00:30:42
{INFO}  stepDefinitions.HomePage   about to accept cookie                     01-Oct-2021 Friday PDT 00:30:42
{INFO}  stepDefinitions.HomePage   accepted cookie                     01-Oct-2021 Friday PDT 00:30:42
{INFO}  stepDefinitions.HomePage   i slept for 2000ms                     01-Oct-2021 Friday PDT 00:30:44
{INFO}  stepDefinitions.HomePage   about to click spend and save                     01-Oct-2021 Friday PDT 00:30:44
{INFO}  stepDefinitions.HomePage   clicked spend and save                     01-Oct-2021 Friday PDT 00:30:50
{INFO}  stepDefinitions.HomePage   Aspiration                     01-Oct-2021 Friday PDT 00:30:50
{INFO}  stepDefinitions.HomePage   Aspiration Plus                     01-Oct-2021 Friday PDT 00:30:50
{INFO}  stepDefinitions.ProductPageSteps   Get Aspirations is displayed                     01-Oct-2021 Friday PDT 00:30:50
{INFO}  stepDefinitions.ProductPageSteps   clicked on Get Aspirations                     01-Oct-2021 Friday PDT 00:30:51
{INFO}  stepDefinitions.ProductPageSteps   modal contains email address input fields                     01-Oct-2021 Friday PDT 00:30:51
{INFO}  stepDefinitions.ProductPageSteps   Navigated to previous product page.                     01-Oct-2021 Friday PDT 00:30:56
{INFO}  stepDefinitions.ProductPageSteps   clicked spend and save                     01-Oct-2021 Friday PDT 00:30:59
{INFO}  stepDefinitions.ProductPageSteps   clicked on Get Aspirations Plus                     01-Oct-2021 Friday PDT 00:31:00
{INFO}  stepDefinitions.ProductPageSteps   Aspiration plus Modal is displayed                     01-Oct-2021 Friday PDT 00:31:00
{INFO}  stepDefinitions.ProductPageSteps   nText == $71.88                     01-Oct-2021 Friday PDT 00:31:00
{INFO}  stepDefinitions.ProductPageSteps   rText == $7.99                     01-Oct-2021 Friday PDT 00:31:00
{INFO}  stepDefinitions.AbstractStepDefinition   Initializing step1 chrome driver                     01-Oct-2021 Friday PDT 11:48:54
{INFO}  stepDefinitions.AbstractStepDefinition   chrome browser object created                     01-Oct-2021 Friday PDT 11:49:03
{INFO}  com.aspiration.base.TestBase   Initializing step1 chrome driver                     01-Oct-2021 Friday PDT 12:17:19
{INFO}  com.aspiration.base.TestBase   chrome browser object created                     01-Oct-2021 Friday PDT 12:17:23
{INFO}  stepDefinitions.HomePage   Started WebPage                     01-Oct-2021 Friday PDT 12:17:30
{INFO}  stepDefinitions.HomePage   about to accept cookie                     01-Oct-2021 Friday PDT 12:17:30
{INFO}  stepDefinitions.ProductPageSteps   Navigated to previous product page.                     01-Oct-2021 Friday PDT 12:17:35
{INFO}  com.aspiration.base.TestBase   Initializing step1 chrome driver                     01-Oct-2021 Friday PDT 12:25:41
{INFO}  com.aspiration.base.TestBase   chrome browser object created                     01-Oct-2021 Friday PDT 12:25:45
{INFO}  stepDefinitions.HomePage   Started WebPage                     01-Oct-2021 Friday PDT 12:25:51
{INFO}  stepDefinitions.HomePage   about to accept cookie                     01-Oct-2021 Friday PDT 12:25:51
{INFO}  stepDefinitions.ProductPageSteps   Navigated to previous product page.                     01-Oct-2021 Friday PDT 12:25:56
{INFO}  stepDefinitions.TestBase   Initializing step1 chrome driver                     01-Oct-2021 Friday PDT 12:31:01
{INFO}  stepDefinitions.TestBase   chrome browser object created                     01-Oct-2021 Friday PDT 12:31:04
{INFO}  stepDefinitions.HomePage   Started WebPage                     01-Oct-2021 Friday PDT 12:31:12
{INFO}  stepDefinitions.HomePage   about to accept cookie                     01-Oct-2021 Friday PDT 12:31:12
{INFO}  stepDefinitions.ProductPageSteps   Navigated to previous product page.                     01-Oct-2021 Friday PDT 12:31:17
{INFO}  stepDefinitions.HomePage   Started WebPage                     01-Oct-2021 Friday PDT 12:46:39
{INFO}  stepDefinitions.HomePage   about to accept cookie                     01-Oct-2021 Friday PDT 12:46:39
{INFO}  stepDefinitions.HomePage   Started WebPage                     01-Oct-2021 Friday PDT 12:48:49
{INFO}  stepDefinitions.HomePage   about to accept cookie                     01-Oct-2021 Friday PDT 12:48:49
{INFO}  stepDefinitions.HomePage   Started WebPage                     01-Oct-2021 Friday PDT 12:49:38
{INFO}  stepDefinitions.HomePage   about to accept cookie                     01-Oct-2021 Friday PDT 12:49:38
{INFO}  stepDefinitions.HomePage   Started WebPage                     01-Oct-2021 Friday PDT 13:06:58
{INFO}  stepDefinitions.HomePage   about to accept cookie                     01-Oct-2021 Friday PDT 13:06:58
{INFO}  stepDefinitions.HomePage   Started WebPage                     01-Oct-2021 Friday PDT 13:08:15
{INFO}  stepDefinitions.HomePage   about to accept cookie                     01-Oct-2021 Friday PDT 13:08:15
{INFO}  stepDefinitions.HomePage   Started WebPage                     01-Oct-2021 Friday PDT 13:29:07
{INFO}  stepDefinitions.HomePage   about to accept cookie                     01-Oct-2021 Friday PDT 13:29:07
{INFO}  stepDefinitions.HomePage   Started WebPage                     01-Oct-2021 Friday PDT 13:31:08
{INFO}  stepDefinitions.HomePage   about to accept cookie                     01-Oct-2021 Friday PDT 13:31:08
{INFO}  com.aspiration.base.TestBase   Initializing step1 chrome driver                     01-Oct-2021 Friday PDT 13:36:07
{INFO}  com.aspiration.base.TestBase   Initializing step1 chrome driver                     01-Oct-2021 Friday PDT 13:37:45
{INFO}  com.aspiration.base.TestBase   chrome browser object created                     01-Oct-2021 Friday PDT 13:37:52
{INFO}  stepDefinitions.HomePage   Started WebPage                     01-Oct-2021 Friday PDT 13:38:14
{INFO}  stepDefinitions.HomePage   about to accept cookie                     01-Oct-2021 Friday PDT 13:38:14
{INFO}  com.aspiration.base.TestBase   Initializing step1 chrome driver                     01-Oct-2021 Friday PDT 13:47:48
{INFO}  com.aspiration.base.TestBase   chrome browser object created                     01-Oct-2021 Friday PDT 13:47:55
{INFO}  stepDefinitions.HomePage   Started WebPage                     01-Oct-2021 Friday PDT 13:48:16
{INFO}  stepDefinitions.HomePage   about to accept cookie                     01-Oct-2021 Friday PDT 13:48:16
{INFO}  com.aspiration.base.TestBase   Initializing step1 chrome driver                     01-Oct-2021 Friday PDT 13:55:31
{INFO}  com.aspiration.base.TestBase   chrome browser object created                     01-Oct-2021 Friday PDT 13:55:45
{INFO}  stepDefinitions.HomePage   Started WebPage                     01-Oct-2021 Friday PDT 13:56:21
{INFO}  stepDefinitions.HomePage   about to accept cookie                     01-Oct-2021 Friday PDT 13:56:22
{INFO}  com.aspiration.base.TestBase   Initializing step1 chrome driver                     01-Oct-2021 Friday PDT 13:57:57
{INFO}  com.aspiration.base.TestBase   chrome browser object created                     01-Oct-2021 Friday PDT 13:58:21
{INFO}  stepDefinitions.HomePage   Started WebPage                     01-Oct-2021 Friday PDT 13:59:04
{INFO}  stepDefinitions.HomePage   about to accept cookie                     01-Oct-2021 Friday PDT 13:59:04
{INFO}  com.aspiration.base.TestBase   Initializing step1 chrome driver                     01-Oct-2021 Friday PDT 14:01:11
{INFO}  com.aspiration.base.TestBase   chrome browser object created                     01-Oct-2021 Friday PDT 14:01:14
{INFO}  stepDefinitions.HomePage   Started WebPage                     01-Oct-2021 Friday PDT 14:01:23
{INFO}  stepDefinitions.HomePage   about to accept cookie                     01-Oct-2021 Friday PDT 14:01:23
{INFO}  com.aspiration.base.TestBase   Initializing step1 chrome driver                     01-Oct-2021 Friday PDT 14:14:16
{INFO}  com.aspiration.base.TestBase   chrome browser object created                     01-Oct-2021 Friday PDT 14:14:21
{INFO}  stepDefinitions.HomePage   Started WebPage                     01-Oct-2021 Friday PDT 14:14:31
{INFO}  stepDefinitions.HomePage   about to accept cookie                     01-Oct-2021 Friday PDT 14:14:31
{INFO}  com.aspiration.base.TestBase   Initializing step1 chrome driver                     01-Oct-2021 Friday PDT 14:16:56
{INFO}  com.aspiration.base.TestBase   chrome browser object created                     01-Oct-2021 Friday PDT 14:17:02
{INFO}  stepDefinitions.HomePage   Started WebPage                     01-Oct-2021 Friday PDT 14:17:14
{INFO}  stepDefinitions.HomePage   about to accept cookie                     01-Oct-2021 Friday PDT 14:17:14
{INFO}  com.aspiration.base.TestBase   Initializing step1 chrome driver                     01-Oct-2021 Friday PDT 14:17:56
{INFO}  com.aspiration.base.TestBase   chrome browser object created                     01-Oct-2021 Friday PDT 14:18:02
{INFO}  stepDefinitions.HomePage   Started WebPage                     01-Oct-2021 Friday PDT 14:18:10
{INFO}  stepDefinitions.HomePage   about to accept cookie                     01-Oct-2021 Friday PDT 14:18:10
{INFO}  com.aspiration.base.TestBase   Initializing step1 chrome driver                     01-Oct-2021 Friday PDT 14:19:07
{INFO}  com.aspiration.base.TestBase   chrome browser object created                     01-Oct-2021 Friday PDT 14:19:11
{INFO}  stepDefinitions.HomePage   Started WebPage                     01-Oct-2021 Friday PDT 14:19:18
{INFO}  stepDefinitions.HomePage   about to accept cookie                     01-Oct-2021 Friday PDT 14:19:18
{INFO}  com.aspiration.base.TestBase   Initializing step1 chrome driver                     01-Oct-2021 Friday PDT 14:22:06
{INFO}  com.aspiration.base.TestBase   chrome browser object created                     01-Oct-2021 Friday PDT 14:22:11
{INFO}  stepDefinitions.HomePage   Started WebPage                     01-Oct-2021 Friday PDT 14:22:21
{INFO}  stepDefinitions.HomePage   about to accept cookie                     01-Oct-2021 Friday PDT 14:22:21
{INFO}  stepDefinitions.HomePage   accepted cookie                     01-Oct-2021 Friday PDT 14:22:21
{INFO}  stepDefinitions.HomePage   slept for 2000ms                     01-Oct-2021 Friday PDT 14:22:23
{INFO}  stepDefinitions.HomePage   about to click spend and save                     01-Oct-2021 Friday PDT 14:22:23
{INFO}  stepDefinitions.HomePage   clicked spend and save                     01-Oct-2021 Friday PDT 14:22:29
{INFO}  stepDefinitions.HomePage   GET ASPIRATION                     01-Oct-2021 Friday PDT 14:22:29
{INFO}  stepDefinitions.HomePage   GET ASPIRATION PLUS                     01-Oct-2021 Friday PDT 14:22:29
{INFO}  com.aspiration.base.TestBase   Initializing step1 chrome driver                     01-Oct-2021 Friday PDT 14:31:25
{INFO}  com.aspiration.base.TestBase   chrome browser object created                     01-Oct-2021 Friday PDT 14:31:30
{INFO}  stepDefinitions.HomePage   Started WebPage                     01-Oct-2021 Friday PDT 14:31:37
{INFO}  stepDefinitions.HomePage   about to accept cookie                     01-Oct-2021 Friday PDT 14:31:37
{INFO}  stepDefinitions.HomePage   accepted cookie                     01-Oct-2021 Friday PDT 14:31:37
{INFO}  stepDefinitions.HomePage   slept for 2000ms                     01-Oct-2021 Friday PDT 14:31:39
{INFO}  stepDefinitions.HomePage   about to click spend and save                     01-Oct-2021 Friday PDT 14:31:39
{INFO}  stepDefinitions.HomePage   clicked spend and save                     01-Oct-2021 Friday PDT 14:31:43
{INFO}  stepDefinitions.HomePage   Aspiration                     01-Oct-2021 Friday PDT 14:31:43
{INFO}  stepDefinitions.HomePage   Aspiration Plus                     01-Oct-2021 Friday PDT 14:31:43
{INFO}  com.aspiration.base.TestBase   Initializing step1 chrome driver                     01-Oct-2021 Friday PDT 14:33:18
{INFO}  com.aspiration.base.TestBase   chrome browser object created                     01-Oct-2021 Friday PDT 14:33:21
{INFO}  stepDefinitions.HomePage   Started WebPage                     01-Oct-2021 Friday PDT 14:33:28
{INFO}  stepDefinitions.HomePage   about to accept cookie                     01-Oct-2021 Friday PDT 14:33:28
{INFO}  stepDefinitions.HomePage   accepted cookie                     01-Oct-2021 Friday PDT 14:33:28
{INFO}  stepDefinitions.HomePage   slept for 2000ms                     01-Oct-2021 Friday PDT 14:33:30
{INFO}  stepDefinitions.HomePage   about to click spend and save                     01-Oct-2021 Friday PDT 14:33:30
{INFO}  stepDefinitions.HomePage   clicked spend and save                     01-Oct-2021 Friday PDT 14:33:35
{INFO}  stepDefinitions.HomePage   Aspiration                     01-Oct-2021 Friday PDT 14:33:35
{INFO}  stepDefinitions.HomePage   Aspiration Plus                     01-Oct-2021 Friday PDT 14:33:35
{INFO}  stepDefinitions.HomePage   completed homepage                     01-Oct-2021 Friday PDT 14:33:35
{INFO}  com.aspiration.base.TestBase   Initializing step1 chrome driver                     01-Oct-2021 Friday PDT 14:34:50
{INFO}  com.aspiration.base.TestBase   chrome browser object created                     01-Oct-2021 Friday PDT 14:34:54
{INFO}  stepDefinitions.HomePage   Started WebPage                     01-Oct-2021 Friday PDT 14:35:01
{INFO}  stepDefinitions.HomePage   about to accept cookie                     01-Oct-2021 Friday PDT 14:35:01
{INFO}  stepDefinitions.HomePage   accepted cookie                     01-Oct-2021 Friday PDT 14:35:01
{INFO}  stepDefinitions.HomePage   slept for 2000ms                     01-Oct-2021 Friday PDT 14:35:03
{INFO}  stepDefinitions.HomePage   about to click spend and save                     01-Oct-2021 Friday PDT 14:35:03
{INFO}  stepDefinitions.HomePage   clicked spend and save                     01-Oct-2021 Friday PDT 14:35:08
{INFO}  stepDefinitions.HomePage   Aspiration                     01-Oct-2021 Friday PDT 14:35:09
{INFO}  stepDefinitions.HomePage   Aspiration Plus                     01-Oct-2021 Friday PDT 14:35:09
{INFO}  stepDefinitions.HomePage   completed homepage                     01-Oct-2021 Friday PDT 14:35:09
{INFO}  com.aspiration.base.TestBase   Initializing step1 chrome driver                     01-Oct-2021 Friday PDT 14:35:09
{INFO}  com.aspiration.base.TestBase   chrome browser object created                     01-Oct-2021 Friday PDT 14:35:11
{INFO}  com.aspiration.base.TestBase   Initializing step1 chrome driver                     01-Oct-2021 Friday PDT 14:35:29
{INFO}  com.aspiration.base.TestBase   chrome browser object created                     01-Oct-2021 Friday PDT 14:35:31
{INFO}  stepDefinitions.ProductPageSteps   Navigated to previous product page.                     01-Oct-2021 Friday PDT 14:35:38
{INFO}  com.aspiration.base.TestBase   Initializing step1 chrome driver                     01-Oct-2021 Friday PDT 14:37:42
{INFO}  com.aspiration.base.TestBase   chrome browser object created                     01-Oct-2021 Friday PDT 14:37:45
{INFO}  stepDefinitions.HomePage   Started WebPage                     01-Oct-2021 Friday PDT 14:37:53
{INFO}  stepDefinitions.HomePage   about to accept cookie                     01-Oct-2021 Friday PDT 14:37:53
{INFO}  stepDefinitions.HomePage   accepted cookie                     01-Oct-2021 Friday PDT 14:37:53
{INFO}  stepDefinitions.HomePage   slept for 2000ms                     01-Oct-2021 Friday PDT 14:37:55
{INFO}  stepDefinitions.HomePage   about to click spend and save                     01-Oct-2021 Friday PDT 14:37:55
{INFO}  stepDefinitions.HomePage   clicked spend and save                     01-Oct-2021 Friday PDT 14:37:59
{INFO}  stepDefinitions.HomePage   Aspiration                     01-Oct-2021 Friday PDT 14:37:59
{INFO}  stepDefinitions.HomePage   Aspiration Plus                     01-Oct-2021 Friday PDT 14:37:59
{INFO}  stepDefinitions.HomePage   completed homepage                     01-Oct-2021 Friday PDT 14:37:59
{INFO}  stepDefinitions.ProductPageSteps   Get Aspirations is displayed                     01-Oct-2021 Friday PDT 14:37:59
{INFO}  stepDefinitions.ProductPageSteps   clicked on Get Aspirations                     01-Oct-2021 Friday PDT 14:37:59
{INFO}  stepDefinitions.ProductPageSteps   modal contains email address input fields                     01-Oct-2021 Friday PDT 14:38:00
{INFO}  stepDefinitions.ProductPageSteps   Navigated to previous product page.                     01-Oct-2021 Friday PDT 14:38:03
{INFO}  stepDefinitions.ProductPageSteps   clicked spend and save                     01-Oct-2021 Friday PDT 14:38:07
{INFO}  stepDefinitions.ProductPageSteps   clicked on Get Aspirations Plus                     01-Oct-2021 Friday PDT 14:38:07
{INFO}  stepDefinitions.ProductPageSteps   Aspiration plus Modal is displayed                     01-Oct-2021 Friday PDT 14:38:08
{INFO}  stepDefinitions.ProductPageSteps   nText == $71.88                     01-Oct-2021 Friday PDT 14:38:08
{INFO}  stepDefinitions.ProductPageSteps   rText == $7.99                     01-Oct-2021 Friday PDT 14:38:08
{INFO}  com.aspiration.base.TestBase   Initializing step1 chrome driver                     01-Oct-2021 Friday PDT 14:43:11
{INFO}  com.aspiration.base.TestBase   chrome browser object created                     01-Oct-2021 Friday PDT 14:43:15
{INFO}  stepDefinitions.HomePage   implicit wait for 5 seconds                     01-Oct-2021 Friday PDT 14:43:15
{INFO}  stepDefinitions.HomePage   Started WebPage                     01-Oct-2021 Friday PDT 14:43:23
{INFO}  stepDefinitions.HomePage   about to accept cookie                     01-Oct-2021 Friday PDT 14:43:23
{INFO}  stepDefinitions.HomePage   accepted cookie                     01-Oct-2021 Friday PDT 14:43:23
{INFO}  stepDefinitions.HomePage   slept for 2000ms                     01-Oct-2021 Friday PDT 14:43:25
{INFO}  stepDefinitions.HomePage   about to click spend and save                     01-Oct-2021 Friday PDT 14:43:25
{INFO}  stepDefinitions.HomePage   clicked spend and save                     01-Oct-2021 Friday PDT 14:43:29
{INFO}  stepDefinitions.HomePage   Aspiration                     01-Oct-2021 Friday PDT 14:43:29
{INFO}  stepDefinitions.HomePage   Aspiration Plus                     01-Oct-2021 Friday PDT 14:43:29
{INFO}  stepDefinitions.HomePage   completed homepage                     01-Oct-2021 Friday PDT 14:43:29
{INFO}  stepDefinitions.ProductPageSteps   Get Aspirations is displayed                     01-Oct-2021 Friday PDT 14:43:30
{INFO}  stepDefinitions.ProductPageSteps   clicked on Get Aspirations                     01-Oct-2021 Friday PDT 14:43:30
{INFO}  stepDefinitions.ProductPageSteps   modal contains email address input fields                     01-Oct-2021 Friday PDT 14:43:30
{INFO}  stepDefinitions.ProductPageSteps   Navigated to previous product page.                     01-Oct-2021 Friday PDT 14:43:34
{INFO}  stepDefinitions.ProductPageSteps   clicked spend and save                     01-Oct-2021 Friday PDT 14:43:38
{INFO}  stepDefinitions.ProductPageSteps   clicked on Get Aspirations Plus                     01-Oct-2021 Friday PDT 14:43:39
{INFO}  stepDefinitions.ProductPageSteps   Aspiration plus Modal is displayed                     01-Oct-2021 Friday PDT 14:43:39
{INFO}  stepDefinitions.ProductPageSteps   nText == $71.88                     01-Oct-2021 Friday PDT 14:43:39
{INFO}  stepDefinitions.ProductPageSteps   rText == $7.99                     01-Oct-2021 Friday PDT 14:43:39
{INFO}  com.aspiration.base.TestBase   Initializing step1 chrome driver                     01-Oct-2021 Friday PDT 14:52:40
{INFO}  com.aspiration.base.TestBase   chrome browser object created                     01-Oct-2021 Friday PDT 14:52:44
{INFO}  com.aspiration.base.TestBase   implicit wait for 5 seconds                     01-Oct-2021 Friday PDT 14:52:44
{INFO}  stepDefinitions.HomePage   Started WebPage                     01-Oct-2021 Friday PDT 14:52:51
{INFO}  stepDefinitions.HomePage   about to accept cookie                     01-Oct-2021 Friday PDT 14:52:51
{INFO}  com.aspiration.base.TestBase   Initializing step1 chrome driver                     01-Oct-2021 Friday PDT 14:56:27
{INFO}  com.aspiration.base.TestBase   chrome browser object created                     01-Oct-2021 Friday PDT 14:56:33
{INFO}  com.aspiration.base.TestBase   implicit wait for 5 seconds                     01-Oct-2021 Friday PDT 14:56:34
{INFO}  stepDefinitions.HomePage   Started WebPage                     01-Oct-2021 Friday PDT 14:56:44
{INFO}  stepDefinitions.HomePage   about to accept cookie                     01-Oct-2021 Friday PDT 14:56:44
{INFO}  stepDefinitions.HomePage   accepted cookie                     01-Oct-2021 Friday PDT 14:56:44
{INFO}  stepDefinitions.HomePage   slept for 2000ms                     01-Oct-2021 Friday PDT 14:56:46
{INFO}  stepDefinitions.HomePage   about to click spend and save                     01-Oct-2021 Friday PDT 14:56:46
{INFO}  stepDefinitions.HomePage   clicked spend and save                     01-Oct-2021 Friday PDT 14:56:52
{INFO}  stepDefinitions.HomePage   Aspiration                     01-Oct-2021 Friday PDT 14:56:52
{INFO}  stepDefinitions.HomePage   Aspiration Plus                     01-Oct-2021 Friday PDT 14:56:52
{INFO}  stepDefinitions.HomePage   completed homepage                     01-Oct-2021 Friday PDT 14:56:52
{INFO}  stepDefinitions.ProductPageSteps   Get Aspirations is displayed                     01-Oct-2021 Friday PDT 14:56:52
{INFO}  stepDefinitions.ProductPageSteps   clicked on Get Aspirations                     01-Oct-2021 Friday PDT 14:56:53
{INFO}  stepDefinitions.ProductPageSteps   modal contains email address input fields                     01-Oct-2021 Friday PDT 14:56:53
{INFO}  stepDefinitions.ProductPageSteps   Navigated to previous product page.                     01-Oct-2021 Friday PDT 14:56:57
{INFO}  stepDefinitions.ProductPageSteps   clicked spend and save                     01-Oct-2021 Friday PDT 14:57:01
{INFO}  stepDefinitions.ProductPageSteps   clicked on Get Aspirations Plus                     01-Oct-2021 Friday PDT 14:57:02
{INFO}  stepDefinitions.ProductPageSteps   Aspiration plus Modal is displayed                     01-Oct-2021 Friday PDT 14:57:02
{INFO}  stepDefinitions.ProductPageSteps   nText == $71.88                     01-Oct-2021 Friday PDT 14:57:02
{INFO}  stepDefinitions.ProductPageSteps   rText == $7.99                     01-Oct-2021 Friday PDT 14:57:02
{INFO}  com.aspiration.base.TestBase   Initializing step1 chrome driver                     01-Oct-2021 Friday PDT 19:43:13
{INFO}  com.aspiration.base.TestBase   chrome browser object created                     01-Oct-2021 Friday PDT 19:43:26
{INFO}  com.aspiration.base.TestBase   implicit wait for 5 seconds                     01-Oct-2021 Friday PDT 19:43:27
{INFO}  stepDefinitions.HomePage   Started WebPage                     01-Oct-2021 Friday PDT 19:43:47
{INFO}  stepDefinitions.HomePage   about to accept cookie                     01-Oct-2021 Friday PDT 19:43:47
{INFO}  stepDefinitions.HomePage   accepted cookie                     01-Oct-2021 Friday PDT 19:43:47
{INFO}  stepDefinitions.HomePage   slept for 2000ms                     01-Oct-2021 Friday PDT 19:43:49
{INFO}  stepDefinitions.HomePage   about to click spend and save                     01-Oct-2021 Friday PDT 19:43:49
{INFO}  stepDefinitions.HomePage   clicked spend and save                     01-Oct-2021 Friday PDT 19:43:58
{INFO}  stepDefinitions.HomePage   Aspiration                     01-Oct-2021 Friday PDT 19:43:59
{INFO}  stepDefinitions.HomePage   Aspiration Plus                     01-Oct-2021 Friday PDT 19:43:59
{INFO}  stepDefinitions.ProductPageSteps   Get Aspirations is displayed                     01-Oct-2021 Friday PDT 19:43:59
{INFO}  stepDefinitions.ProductPageSteps   clicked on Get Aspirations                     01-Oct-2021 Friday PDT 19:43:59
{INFO}  stepDefinitions.ProductPageSteps   modal contains email address input fields                     01-Oct-2021 Friday PDT 19:44:00
{INFO}  stepDefinitions.ProductPageSteps   Navigated to previous product page.                     01-Oct-2021 Friday PDT 19:44:06
{INFO}  stepDefinitions.ProductPageSteps   clicked spend and save                     01-Oct-2021 Friday PDT 19:44:09
{INFO}  stepDefinitions.ProductPageSteps   clicked on Get Aspirations Plus                     01-Oct-2021 Friday PDT 19:44:10
{INFO}  stepDefinitions.ProductPageSteps   Aspiration plus Modal is displayed                     01-Oct-2021 Friday PDT 19:44:10
{INFO}  stepDefinitions.ProductPageSteps   nText == $71.88                     01-Oct-2021 Friday PDT 19:44:10
{INFO}  stepDefinitions.ProductPageSteps   rText == $7.99                     01-Oct-2021 Friday PDT 19:44:10
{INFO}  com.aspiration.base.TestBase   Initializing step1 chrome driver                     01-Oct-2021 Friday PDT 19:52:38
{INFO}  com.aspiration.base.TestBase   chrome browser object created                     01-Oct-2021 Friday PDT 19:52:50
{INFO}  com.aspiration.base.TestBase   implicit wait for 5 seconds                     01-Oct-2021 Friday PDT 19:52:50
{INFO}  stepDefinitions.HomePage   Started WebPage                     01-Oct-2021 Friday PDT 19:53:31
{INFO}  stepDefinitions.HomePage   about to accept cookie                     01-Oct-2021 Friday PDT 19:53:31
{INFO}  stepDefinitions.HomePage   accepted cookie                     01-Oct-2021 Friday PDT 19:53:33
{INFO}  stepDefinitions.HomePage   clicked spend and save                     01-Oct-2021 Friday PDT 19:53:57
{INFO}  stepDefinitions.HomePage   Aspiration                     01-Oct-2021 Friday PDT 19:53:58
{INFO}  stepDefinitions.HomePage   Aspiration Plus                     01-Oct-2021 Friday PDT 19:53:58
{INFO}  stepDefinitions.ProductPageSteps   Get Aspirations is displayed                     01-Oct-2021 Friday PDT 19:53:58
{INFO}  stepDefinitions.ProductPageSteps   clicked on Get Aspirations                     01-Oct-2021 Friday PDT 19:53:59
{INFO}  stepDefinitions.ProductPageSteps   modal contains email address input fields                     01-Oct-2021 Friday PDT 19:53:59
{INFO}  stepDefinitions.ProductPageSteps   Navigated to previous product page.                     01-Oct-2021 Friday PDT 19:54:10
{INFO}  stepDefinitions.ProductPageSteps   clicked spend and save                     01-Oct-2021 Friday PDT 19:54:19
{INFO}  stepDefinitions.ProductPageSteps   clicked on Get Aspirations Plus                     01-Oct-2021 Friday PDT 19:54:21
{INFO}  stepDefinitions.ProductPageSteps   Aspiration plus Modal is displayed                     01-Oct-2021 Friday PDT 19:54:21
{INFO}  stepDefinitions.ProductPageSteps   nText == $71.88                     01-Oct-2021 Friday PDT 19:54:22
{INFO}  stepDefinitions.ProductPageSteps   rText == $7.99                     01-Oct-2021 Friday PDT 19:54:22
{INFO}  com.aspiration.base.TestBase   Initializing step1 chrome driver                     01-Oct-2021 Friday PDT 19:56:26
{INFO}  com.aspiration.base.TestBase   chrome browser object created                     01-Oct-2021 Friday PDT 19:56:34
{INFO}  com.aspiration.base.TestBase   implicit wait for 3 seconds                     01-Oct-2021 Friday PDT 19:56:34
{INFO}  stepDefinitions.HomePage   Started WebPage                     01-Oct-2021 Friday PDT 19:56:48
{INFO}  stepDefinitions.HomePage   about to accept cookie                     01-Oct-2021 Friday PDT 19:56:48
{INFO}  stepDefinitions.HomePage   accepted cookie                     01-Oct-2021 Friday PDT 19:56:48
{INFO}  stepDefinitions.HomePage   clicked spend and save                     01-Oct-2021 Friday PDT 19:56:56
{INFO}  stepDefinitions.HomePage   Aspiration                     01-Oct-2021 Friday PDT 19:56:57
{INFO}  stepDefinitions.HomePage   Aspiration Plus                     01-Oct-2021 Friday PDT 19:56:57
{INFO}  stepDefinitions.ProductPageSteps   Get Aspirations is displayed                     01-Oct-2021 Friday PDT 19:56:57
{INFO}  stepDefinitions.ProductPageSteps   clicked on Get Aspirations                     01-Oct-2021 Friday PDT 19:56:57
{INFO}  stepDefinitions.ProductPageSteps   modal contains email address input fields                     01-Oct-2021 Friday PDT 19:56:58
{INFO}  stepDefinitions.ProductPageSteps   Navigated to previous product page.                     01-Oct-2021 Friday PDT 19:57:03
{INFO}  stepDefinitions.ProductPageSteps   clicked spend and save                     01-Oct-2021 Friday PDT 19:57:08
{INFO}  stepDefinitions.ProductPageSteps   clicked on Get Aspirations Plus                     01-Oct-2021 Friday PDT 19:57:08
{INFO}  stepDefinitions.ProductPageSteps   Aspiration plus Modal is displayed                     01-Oct-2021 Friday PDT 19:57:09
{INFO}  stepDefinitions.ProductPageSteps   nText == $71.88                     01-Oct-2021 Friday PDT 19:57:09
{INFO}  stepDefinitions.ProductPageSteps   rText == $7.99                     01-Oct-2021 Friday PDT 19:57:09
